[web/images/logo_rica.png]
[backblue.gif]
[fade.gif]
[index.html]
[web/images/jquery.min.js]
[web/images/bootstrap.min.js]
[web/images/user.png]
[web/images/30011_img_fondo.png]
[web/images/30011_img_avatar.png]
[web/images/30020_img_fondo.png]
[web/images/30020_img_avatar.png]
[web/images/30023_img_fondo.png]
[web/images/30023_img_avatar.png]
[web/images/30031_img_fondo.png]
[web/images/30031_img_avatar.png]
[web/images/30032_img_fondo.png]
[web/images/30032_img_avatar.png]
[web/wmenu.html]
[web/images/check.css]
[web/images/bootstrap.min.css]
[web/images/metismenu.min.css]
[web/images/bg-masthead.jpg]
[web/images/menu.jpg]
[web/images/landing-page.min.css]
[web/images/sb-admin-2.css]
[web/images/font-awesome.min.css]
[web/_aplicaciones.html]
[web/interfaz.html]
[web/profiledefault.html]
[web/images/glyphicons-halflings-regular.svg]
[web/images/fontawesome-webfont5b62.svg]
